<?xml version="1.0" encoding="UTF-8"?>
<Site BuildName="Linux-c++"
	BuildStamp="20260417-1148-Experimental"
	Name="olly-FLMH-XX"
	Generator="ctest-3.28.3"
	CompilerName="/usr/bin/c++"
	CompilerVersion="13.3.0"
	OSName="Linux"
	Hostname="olly-FLMH-XX"
	OSRelease="6.14.0-37-generic"
	OSVersion="#37~24.04.1-Ubuntu SMP PREEMPT_DYNAMIC Thu Nov 20 10:25:38 UTC 2"
	OSPlatform="x86_64"
	Is64Bits="1"
	VendorString="GenuineIntel"
	VendorID="Intel Corporation"
	FamilyID="6"
	ModelID="170"
	ProcessorCacheSize="24576"
	NumberOfLogicalCPU="22"
	NumberOfPhysicalCPU="16"
	TotalVirtualMemory="4095"
	TotalPhysicalMemory="15501"
	LogicalProcessorsPerPhysical="1"
	ProcessorClockFrequency="4265.15"
	>
	<Testing>
		<StartDateTime>Apr 17 13:05 BST</StartDateTime>
		<StartTestTime>1776427519</StartTestTime>
		<TestList/>
		<EndDateTime>Apr 17 13:05 BST</EndDateTime>
		<EndTestTime>1776427519</EndTestTime>
		<ElapsedMinutes>0</ElapsedMinutes>
	</Testing>
</Site>
